This is pdfTeX, Version 3.14159265-2.6-1.40.18 (TeX Live 2017/Debian) (preloaded format=pdflatex 2018.2.1)  25 MAY 2018 19:22
entering extended mode
 restricted \write18 enabled.
 %&-line parsing enabled.
**ociamthesismain.tex
(./ociamthesismain.tex
LaTeX2e <2017-04-15>
Babel <3.12> and hyphenation patterns for 84 language(s) loaded.
(./ociamthesis.cls
Document Class: ociamthesis 2010/11/22 v2.2 OCIAM thesis class
(/usr/share/texlive/texmf-dist/tex/latex/base/report.cls
Document Class: report 2014/09/29 v1.4h Standard LaTeX document class
(/usr/share/texlive/texmf-dist/tex/latex/base/size12.clo
File: size12.clo 2014/09/29 v1.4h Standard LaTeX file (size option)
)
\c@part=\count79
\c@chapter=\count80
\c@section=\count81
\c@subsection=\count82
\c@subsubsection=\count83
\c@paragraph=\count84
\c@subparagraph=\count85
\c@figure=\count86
\c@table=\count87
\abovecaptionskip=\skip41
\belowcaptionskip=\skip42
\bibindent=\dimen102
)
(/usr/share/texlive/texmf-dist/tex/latex/graphics/graphicx.sty
Package: graphicx 2017/06/01 v1.1a Enhanced LaTeX Graphics (DPC,SPQR)

(/usr/share/texlive/texmf-dist/tex/latex/graphics/keyval.sty
Package: keyval 2014/10/28 v1.15 key=value parser (DPC)
\KV@toks@=\toks14
)
(/usr/share/texlive/texmf-dist/tex/latex/graphics/graphics.sty
Package: graphics 2017/06/25 v1.2c Standard LaTeX Graphics (DPC,SPQR)

(/usr/share/texlive/texmf-dist/tex/latex/graphics/trig.sty
Package: trig 2016/01/03 v1.10 sin cos tan (DPC)
)
(/usr/share/texlive/texmf-dist/tex/latex/graphics-cfg/graphics.cfg
File: graphics.cfg 2016/06/04 v1.11 sample graphics configuration
)
Package graphics Info: Driver file: pdftex.def on input line 99.

(/usr/share/texlive/texmf-dist/tex/latex/graphics-def/pdftex.def
File: pdftex.def 2017/06/24 v1.0g Graphics/color driver for pdftex
))
\Gin@req@height=\dimen103
\Gin@req@width=\dimen104
)
(/usr/share/texlive/texmf-dist/tex/latex/base/ifthen.sty
Package: ifthen 2014/09/29 v1.1c Standard LaTeX ifthen package (DPC)
))
(/usr/share/texlive/texmf-dist/tex/latex/amsmath/amsmath.sty
Package: amsmath 2016/11/05 v2.16a AMS math features
\@mathmargin=\skip43

For additional information on amsmath, use the `?' option.
(/usr/share/texlive/texmf-dist/tex/latex/amsmath/amstext.sty
Package: amstext 2000/06/29 v2.01 AMS text

(/usr/share/texlive/texmf-dist/tex/latex/amsmath/amsgen.sty
File: amsgen.sty 1999/11/30 v2.0 generic functions
\@emptytoks=\toks15
\ex@=\dimen105
))
(/usr/share/texlive/texmf-dist/tex/latex/amsmath/amsbsy.sty
Package: amsbsy 1999/11/29 v1.2d Bold Symbols
\pmbraise@=\dimen106
)
(/usr/share/texlive/texmf-dist/tex/latex/amsmath/amsopn.sty
Package: amsopn 2016/03/08 v2.02 operator names
)
\inf@bad=\count88
LaTeX Info: Redefining \frac on input line 213.
\uproot@=\count89
\leftroot@=\count90
LaTeX Info: Redefining \overline on input line 375.
\classnum@=\count91
\DOTSCASE@=\count92
LaTeX Info: Redefining \ldots on input line 472.
LaTeX Info: Redefining \dots on input line 475.
LaTeX Info: Redefining \cdots on input line 596.
\Mathstrutbox@=\box26
\strutbox@=\box27
\big@size=\dimen107
LaTeX Font Info:    Redeclaring font encoding OML on input line 712.
LaTeX Font Info:    Redeclaring font encoding OMS on input line 713.
\macc@depth=\count93
\c@MaxMatrixCols=\count94
\dotsspace@=\muskip10
\c@parentequation=\count95
\dspbrk@lvl=\count96
\tag@help=\toks16
\row@=\count97
\column@=\count98
\maxfields@=\count99
\andhelp@=\toks17
\eqnshift@=\dimen108
\alignsep@=\dimen109
\tagshift@=\dimen110
\tagwidth@=\dimen111
\totwidth@=\dimen112
\lineht@=\dimen113
\@envbody=\toks18
\multlinegap=\skip44
\multlinetaggap=\skip45
\mathdisplay@stack=\toks19
LaTeX Info: Redefining \[ on input line 2817.
LaTeX Info: Redefining \] on input line 2818.
)
(/usr/share/texlive/texmf-dist/tex/latex/amsfonts/amssymb.sty
Package: amssymb 2013/01/14 v3.01 AMS font symbols

(/usr/share/texlive/texmf-dist/tex/latex/amsfonts/amsfonts.sty
Package: amsfonts 2013/01/14 v3.01 Basic AMSFonts support
\symAMSa=\mathgroup4
\symAMSb=\mathgroup5
LaTeX Font Info:    Overwriting math alphabet `\mathfrak' in version `bold'
(Font)                  U/euf/m/n --> U/euf/b/n on input line 106.
))
(/usr/share/texlive/texmf-dist/tex/latex/hyperref/hyperref.sty
Package: hyperref 2017/03/14 v6.85a Hypertext links for LaTeX

(/usr/share/texlive/texmf-dist/tex/generic/oberdiek/hobsub-hyperref.sty
Package: hobsub-hyperref 2016/05/16 v1.14 Bundle oberdiek, subset hyperref (HO)


(/usr/share/texlive/texmf-dist/tex/generic/oberdiek/hobsub-generic.sty
Package: hobsub-generic 2016/05/16 v1.14 Bundle oberdiek, subset generic (HO)
Package: hobsub 2016/05/16 v1.14 Construct package bundles (HO)
Package: infwarerr 2016/05/16 v1.4 Providing info/warning/error messages (HO)
Package: ltxcmds 2016/05/16 v1.23 LaTeX kernel commands for general use (HO)
Package: ifluatex 2016/05/16 v1.4 Provides the ifluatex switch (HO)
Package ifluatex Info: LuaTeX not detected.
Package: ifvtex 2016/05/16 v1.6 Detect VTeX and its facilities (HO)
Package ifvtex Info: VTeX not detected.
Package: intcalc 2016/05/16 v1.2 Expandable calculations with integers (HO)
Package: ifpdf 2017/03/15 v3.2 Provides the ifpdf switch
Package: etexcmds 2016/05/16 v1.6 Avoid name clashes with e-TeX commands (HO)
Package etexcmds Info: Could not find \expanded.
(etexcmds)             That can mean that you are not using pdfTeX 1.50 or
(etexcmds)             that some package has redefined \expanded.
(etexcmds)             In the latter case, load this package earlier.
Package: kvsetkeys 2016/05/16 v1.17 Key value parser (HO)
Package: kvdefinekeys 2016/05/16 v1.4 Define keys (HO)
Package: pdftexcmds 2017/03/19 v0.25 Utility functions of pdfTeX for LuaTeX (HO
)
Package pdftexcmds Info: LuaTeX not detected.
Package pdftexcmds Info: \pdf@primitive is available.
Package pdftexcmds Info: \pdf@ifprimitive is available.
Package pdftexcmds Info: \pdfdraftmode found.
Package: pdfescape 2016/05/16 v1.14 Implements pdfTeX's escape features (HO)
Package: bigintcalc 2016/05/16 v1.4 Expandable calculations on big integers (HO
)
Package: bitset 2016/05/16 v1.2 Handle bit-vector datatype (HO)
Package: uniquecounter 2016/05/16 v1.3 Provide unlimited unique counter (HO)
)
Package hobsub Info: Skipping package `hobsub' (already loaded).
Package: letltxmacro 2016/05/16 v1.5 Let assignment for LaTeX macros (HO)
Package: hopatch 2016/05/16 v1.3 Wrapper for package hooks (HO)
Package: xcolor-patch 2016/05/16 xcolor patch
Package: atveryend 2016/05/16 v1.9 Hooks at the very end of document (HO)
Package atveryend Info: \enddocument detected (standard20110627).
Package: atbegshi 2016/06/09 v1.18 At begin shipout hook (HO)
Package: refcount 2016/05/16 v3.5 Data extraction from label references (HO)
Package: hycolor 2016/05/16 v1.8 Color options for hyperref/bookmark (HO)
)
(/usr/share/texlive/texmf-dist/tex/generic/ifxetex/ifxetex.sty
Package: ifxetex 2010/09/12 v0.6 Provides ifxetex conditional
)
(/usr/share/texlive/texmf-dist/tex/latex/oberdiek/auxhook.sty
Package: auxhook 2016/05/16 v1.4 Hooks for auxiliary files (HO)
)
(/usr/share/texlive/texmf-dist/tex/latex/oberdiek/kvoptions.sty
Package: kvoptions 2016/05/16 v3.12 Key value format for package options (HO)
)
\@linkdim=\dimen114
\Hy@linkcounter=\count100
\Hy@pagecounter=\count101

(/usr/share/texlive/texmf-dist/tex/latex/hyperref/pd1enc.def
File: pd1enc.def 2017/03/14 v6.85a Hyperref: PDFDocEncoding definition (HO)
)
\Hy@SavedSpaceFactor=\count102

(/usr/share/texlive/texmf-dist/tex/latex/latexconfig/hyperref.cfg
File: hyperref.cfg 2002/06/06 v1.2 hyperref configuration of TeXLive
)
Package hyperref Info: Hyper figures OFF on input line 4498.
Package hyperref Info: Link nesting OFF on input line 4503.
Package hyperref Info: Hyper index ON on input line 4506.
Package hyperref Info: Plain pages OFF on input line 4513.
Package hyperref Info: Backreferencing OFF on input line 4518.
Package hyperref Info: Implicit mode ON; LaTeX internals redefined.
Package hyperref Info: Bookmarks ON on input line 4751.
\c@Hy@tempcnt=\count103

(/usr/share/texlive/texmf-dist/tex/latex/url/url.sty
\Urlmuskip=\muskip11
Package: url 2013/09/16  ver 3.4  Verb mode for urls, etc.
)
LaTeX Info: Redefining \url on input line 5104.
\XeTeXLinkMargin=\dimen115
\Fld@menulength=\count104
\Field@Width=\dimen116
\Fld@charsize=\dimen117
Package hyperref Info: Hyper figures OFF on input line 6358.
Package hyperref Info: Link nesting OFF on input line 6363.
Package hyperref Info: Hyper index ON on input line 6366.
Package hyperref Info: backreferencing OFF on input line 6373.
Package hyperref Info: Link coloring OFF on input line 6378.
Package hyperref Info: Link coloring with OCG OFF on input line 6383.
Package hyperref Info: PDF/A mode OFF on input line 6388.
LaTeX Info: Redefining \ref on input line 6428.
LaTeX Info: Redefining \pageref on input line 6432.
\Hy@abspage=\count105
\c@Item=\count106
\c@Hfootnote=\count107
)

Package hyperref Message: Driver (autodetected): hpdftex.

(/usr/share/texlive/texmf-dist/tex/latex/hyperref/hpdftex.def
File: hpdftex.def 2017/03/14 v6.85a Hyperref driver for pdfTeX
\Fld@listcount=\count108
\c@bookmark@seq@number=\count109

(/usr/share/texlive/texmf-dist/tex/latex/oberdiek/rerunfilecheck.sty
Package: rerunfilecheck 2016/05/16 v1.8 Rerun checks for auxiliary files (HO)
Package uniquecounter Info: New unique counter `rerunfilecheck' on input line 2
82.
)
\Hy@SectionHShift=\skip46
)
(/usr/share/texlive/texmf-dist/tex/latex/algorithms/algorithm.sty
Package: algorithm 2009/08/24 v0.1 Document Style `algorithm' - floating enviro
nment

(/usr/share/texlive/texmf-dist/tex/latex/float/float.sty
Package: float 2001/11/08 v1.3d Float enhancements (AL)
\c@float@type=\count110
\float@exts=\toks20
\float@box=\box28
\@float@everytoks=\toks21
\@floatcapt=\box29
)
\@float@every@algorithm=\toks22
\c@algorithm=\count111
)
(/usr/share/texlive/texmf-dist/tex/latex/graphics/rotating.sty
Package: rotating 2016/08/11 v2.16d rotated objects in LaTeX
\c@r@tfl@t=\count112
\rotFPtop=\skip47
\rotFPbot=\skip48
\rot@float@box=\box30
\rot@mess@toks=\toks23
)
(/usr/share/texlive/texmf-dist/tex/latex/adjustbox/adjustbox.sty
Package: adjustbox 2012/05/21 v1.0 Adjusting TeX boxes (trim, clip, ...)

(/usr/share/texlive/texmf-dist/tex/latex/xkeyval/xkeyval.sty
Package: xkeyval 2014/12/03 v2.7a package option processing (HA)

(/usr/share/texlive/texmf-dist/tex/generic/xkeyval/xkeyval.tex
(/usr/share/texlive/texmf-dist/tex/generic/xkeyval/xkvutils.tex
\XKV@toks=\toks24
\XKV@tempa@toks=\toks25
)
\XKV@depth=\count113
File: xkeyval.tex 2014/12/03 v2.7a key=value parser (HA)
))
(/usr/share/texlive/texmf-dist/tex/latex/adjustbox/adjcalc.sty
Package: adjcalc 2012/05/16 v1.1 Provides advanced setlength with multiple back
-ends (calc, etex, pgfmath)
)
(/usr/share/texlive/texmf-dist/tex/latex/adjustbox/trimclip.sty
Package: trimclip 2012/05/16 v1.0 Trim and clip general TeX material

(/usr/share/texlive/texmf-dist/tex/latex/collectbox/collectbox.sty
Package: collectbox 2012/05/17 v0.4b Collect macro arguments as boxes
\collectedbox=\box31
)
\tc@llx=\dimen118
\tc@lly=\dimen119
\tc@urx=\dimen120
\tc@ury=\dimen121
Package trimclip Info: Using driver 'tc-pdftex.def'.

(/usr/share/texlive/texmf-dist/tex/latex/adjustbox/tc-pdftex.def
File: tc-pdftex.def 2012/05/13 v1.0 Clipping driver for pdftex
))
\adjbox@Width=\dimen122
\adjbox@Height=\dimen123
\adjbox@Depth=\dimen124
\adjbox@Totalheight=\dimen125

(/usr/share/texlive/texmf-dist/tex/latex/ifoddpage/ifoddpage.sty
Package: ifoddpage 2016/04/23 v1.1 Conditionals for odd/even page detection
\c@checkoddpage=\count114
)
(/usr/share/texlive/texmf-dist/tex/latex/varwidth/varwidth.sty
Package: varwidth 2009/03/30 ver 0.92;  Variable-width minipages
\@vwid@box=\box32
\sift@deathcycles=\count115
\@vwid@loff=\dimen126
\@vwid@roff=\dimen127
))
(/usr/share/texlive/texmf-dist/tex/latex/dirtytalk/dirtytalk.sty
Package: dirtytalk 2010/11/21 A package making "quoting" easier
\c@dirtytalk@qdepth=\count116
)
(/usr/share/texlive/texmf-dist/tex/latex/oberdiek/pdflscape.sty
Package: pdflscape 2016/05/14 v0.11 Display of landscape pages in PDF (HO)

(/usr/share/texlive/texmf-dist/tex/latex/graphics/lscape.sty
Package: lscape 2000/10/22 v3.01 Landscape Pages (DPC)
)
Package pdflscape Info: Auto-detected driver: pdftex on input line 81.
)
(/usr/share/texlive/texmf-dist/tex/latex/algorithmicx/algpseudocode.sty
Package: algpseudocode 

(/usr/share/texlive/texmf-dist/tex/latex/algorithmicx/algorithmicx.sty
Package: algorithmicx 2005/04/27 v1.2 Algorithmicx

Document Style algorithmicx 1.2 - a greatly improved `algorithmic' style
\c@ALG@line=\count117
\c@ALG@rem=\count118
\c@ALG@nested=\count119
\ALG@tlm=\skip49
\ALG@thistlm=\skip50
\c@ALG@Lnr=\count120
\c@ALG@blocknr=\count121
\c@ALG@storecount=\count122
\c@ALG@tmpcounter=\count123
\ALG@tmplength=\skip51
)
Document Style - pseudocode environments for use with the `algorithmicx' style
) (/usr/share/texlive/texmf-dist/tex/latex/tools/array.sty
Package: array 2016/10/06 v2.4d Tabular extension package (FMi)
\col@sep=\dimen128
\extrarowheight=\dimen129
\NC@list=\toks26
\extratabsurround=\skip52
\backup@length=\skip53
)
(/usr/share/texlive/texmf-dist/tex/latex/tools/longtable.sty
Package: longtable 2014/10/28 v4.11 Multi-page Table package (DPC)
\LTleft=\skip54
\LTright=\skip55
\LTpre=\skip56
\LTpost=\skip57
\LTchunksize=\count124
\LTcapwidth=\dimen130
\LT@head=\box33
\LT@firsthead=\box34
\LT@foot=\box35
\LT@lastfoot=\box36
\LT@cols=\count125
\LT@rows=\count126
\c@LT@tables=\count127
\c@LT@chunks=\count128
\LT@p@ftn=\toks27
)
(/usr/share/texlive/texmf-dist/tex/latex/subfig/subfig.sty
Package: subfig 2005/06/28 ver: 1.3 subfig package

(/usr/share/texlive/texmf-dist/tex/latex/caption/caption.sty
Package: caption 2016/02/21 v3.3-144 Customizing captions (AR)

(/usr/share/texlive/texmf-dist/tex/latex/caption/caption3.sty
Package: caption3 2016/05/22 v1.7-166 caption3 kernel (AR)
Package caption3 Info: TeX engine: e-TeX on input line 67.
\captionmargin=\dimen131
\captionmargin@=\dimen132
\captionwidth=\dimen133
\caption@tempdima=\dimen134
\caption@indent=\dimen135
\caption@parindent=\dimen136
\caption@hangindent=\dimen137
)
\c@ContinuedFloat=\count129
Package caption Info: float package is loaded.
Package caption Info: hyperref package is loaded.
Package caption Info: longtable package is loaded.

(/usr/share/texlive/texmf-dist/tex/latex/caption/ltcaption.sty
Package: ltcaption 2013/06/09 v1.4-94 longtable captions (AR)
)
Package caption Info: rotating package is loaded.
)
\c@KVtest=\count130
\sf@farskip=\skip58
\sf@captopadj=\dimen138
\sf@capskip=\skip59
\sf@nearskip=\skip60
\c@subfigure=\count131
\c@subfigure@save=\count132
\c@lofdepth=\count133
\c@subtable=\count134
\c@subtable@save=\count135
\c@lotdepth=\count136
\sf@top=\skip61
\sf@bottom=\skip62
)
(/usr/share/texlive/texmf-dist/tex/latex/geometry/geometry.sty
Package: geometry 2010/09/12 v5.6 Page Geometry
\Gm@cnth=\count137
\Gm@cntv=\count138
\c@Gm@tempcnt=\count139
\Gm@bindingoffset=\dimen139
\Gm@wd@mp=\dimen140
\Gm@odd@mp=\dimen141
\Gm@even@mp=\dimen142
\Gm@layoutwidth=\dimen143
\Gm@layoutheight=\dimen144
\Gm@layouthoffset=\dimen145
\Gm@layoutvoffset=\dimen146
\Gm@dimlist=\toks28
)
(/usr/share/texlive/texmf-dist/tex/latex/tools/afterpage.sty
Package: afterpage 2014/10/28 v1.08 After-Page Package (DPC)
\AP@output=\toks29
\AP@partial=\box37
\AP@footins=\box38
)
(/usr/share/texlive/texmf-dist/tex/latex/xcolor/xcolor.sty
Package: xcolor 2016/05/11 v2.12 LaTeX color extensions (UK)

(/usr/share/texlive/texmf-dist/tex/latex/graphics-cfg/color.cfg
File: color.cfg 2016/01/02 v1.6 sample color configuration
)
Package xcolor Info: Driver file: pdftex.def on input line 225.
Package xcolor Info: Model `cmy' substituted by `cmy0' on input line 1348.
Package xcolor Info: Model `hsb' substituted by `rgb' on input line 1352.
Package xcolor Info: Model `RGB' extended on input line 1364.
Package xcolor Info: Model `HTML' substituted by `rgb' on input line 1366.
Package xcolor Info: Model `Hsb' substituted by `hsb' on input line 1367.
Package xcolor Info: Model `tHsb' substituted by `hsb' on input line 1368.
Package xcolor Info: Model `HSB' substituted by `hsb' on input line 1369.
Package xcolor Info: Model `Gray' substituted by `gray' on input line 1370.
Package xcolor Info: Model `wave' substituted by `hsb' on input line 1371.
)
(/usr/share/texlive/texmf-dist/tex/latex/colortbl/colortbl.sty
Package: colortbl 2012/02/13 v1.0a Color table columns (DPC)
\everycr=\toks30
\minrowclearance=\skip63
)
(/usr/share/texlive/texmf-dist/tex/latex/forloop/forloop.sty
Package: forloop 2006/09/18 v3.0 For Loops for LaTeX
)
\c@loopcntr=\count140

(./ociamthesismain.aux (./abstract.aux) (./chapter1.aux) (./chapter2.aux)
(./chapter3.aux

LaTeX Warning: Label `eq:1' multiply defined.


LaTeX Warning: Label `eq:2' multiply defined.


LaTeX Warning: Label `1c' multiply defined.


LaTeX Warning: Label `1c' multiply defined.


LaTeX Warning: Label `eq:1' multiply defined.


LaTeX Warning: Label `eq:2' multiply defined.


LaTeX Warning: Label `eq:3' multiply defined.

) (./chapter4.aux

LaTeX Warning: Label `algo1' multiply defined.


LaTeX Warning: Label `1a' multiply defined.


LaTeX Warning: Label `1b' multiply defined.

) (./chapter5.aux

LaTeX Warning: Label `tab:2' multiply defined.

) (./chapter6.aux) (./chapter7.aux

LaTeX Warning: Label `sec:prog' multiply defined.


LaTeX Warning: Label `fig:gp' multiply defined.


LaTeX Warning: Label `fig:gp' multiply defined.

))
\openout1 = `ociamthesismain.aux'.

LaTeX Font Info:    Checking defaults for OML/cmm/m/it on input line 75.
LaTeX Font Info:    ... okay on input line 75.
LaTeX Font Info:    Checking defaults for T1/cmr/m/n on input line 75.
LaTeX Font Info:    ... okay on input line 75.
LaTeX Font Info:    Checking defaults for OT1/cmr/m/n on input line 75.
LaTeX Font Info:    ... okay on input line 75.
LaTeX Font Info:    Checking defaults for OMS/cmsy/m/n on input line 75.
LaTeX Font Info:    ... okay on input line 75.
LaTeX Font Info:    Checking defaults for OMX/cmex/m/n on input line 75.
LaTeX Font Info:    ... okay on input line 75.
LaTeX Font Info:    Checking defaults for U/cmr/m/n on input line 75.
LaTeX Font Info:    ... okay on input line 75.
LaTeX Font Info:    Checking defaults for PD1/pdf/m/n on input line 75.
LaTeX Font Info:    ... okay on input line 75.
 (/usr/share/texlive/texmf-dist/tex/context/base/mkii/supp-pdf.mkii
[Loading MPS to PDF converter (version 2006.09.02).]
\scratchcounter=\count141
\scratchdimen=\dimen147
\scratchbox=\box39
\nofMPsegments=\count142
\nofMParguments=\count143
\everyMPshowfont=\toks31
\MPscratchCnt=\count144
\MPscratchDim=\dimen148
\MPnumerator=\count145
\makeMPintoPDFobject=\count146
\everyMPtoPDFconversion=\toks32
) (/usr/share/texlive/texmf-dist/tex/latex/oberdiek/epstopdf-base.sty
Package: epstopdf-base 2016/05/15 v2.6 Base part for package epstopdf

(/usr/share/texlive/texmf-dist/tex/latex/oberdiek/grfext.sty
Package: grfext 2016/05/16 v1.2 Manage graphics extensions (HO)
)
Package epstopdf-base Info: Redefining graphics rule for `.eps' on input line 4
38.
Package grfext Info: Graphics extension search list:
(grfext)             [.pdf,.png,.jpg,.mps,.jpeg,.jbig2,.jb2,.PDF,.PNG,.JPG,.JPE
G,.JBIG2,.JB2,.eps]
(grfext)             \AppendGraphicsExtensions on input line 456.

(/usr/share/texlive/texmf-dist/tex/latex/latexconfig/epstopdf-sys.cfg
File: epstopdf-sys.cfg 2010/07/13 v1.3 Configuration of (r)epstopdf for TeX Liv
e
))
\AtBeginShipoutBox=\box40
Package hyperref Info: Link coloring OFF on input line 75.

(/usr/share/texlive/texmf-dist/tex/latex/hyperref/nameref.sty
Package: nameref 2016/05/21 v2.44 Cross-referencing by name of section

(/usr/share/texlive/texmf-dist/tex/generic/oberdiek/gettitlestring.sty
Package: gettitlestring 2016/05/16 v1.5 Cleanup title references (HO)
)
\c@section@level=\count147
)
LaTeX Info: Redefining \ref on input line 75.
LaTeX Info: Redefining \pageref on input line 75.
LaTeX Info: Redefining \nameref on input line 75.

(./ociamthesismain.out) (./ociamthesismain.out)
\@outlinefile=\write3
\openout3 = `ociamthesismain.out'.

Package caption Info: Begin \AtBeginDocument code.
Package caption Info: subfig package v1.3 is loaded.
Package caption Info: End \AtBeginDocument code.

*geometry* driver: auto-detecting
*geometry* detected driver: pdftex
*geometry* verbose mode - [ preamble ] result:
* driver: pdftex
* paper: <default>
* layout: <same size as paper>
* layoutoffset:(h,v)=(0.0pt,0.0pt)
* modes: 
* h-part:(L,W,R)=(89.62709pt, 418.25368pt, 89.6271pt)
* v-part:(T,H,B)=(101.40665pt, 591.5302pt, 152.11pt)
* \paperwidth=597.50787pt
* \paperheight=845.04684pt
* \textwidth=418.25368pt
* \textheight=591.5302pt
* \oddsidemargin=17.3571pt
* \evensidemargin=17.3571pt
* \topmargin=-7.86334pt
* \headheight=12.0pt
* \headsep=25.0pt
* \topskip=12.0pt
* \footskip=30.0pt
* \marginparwidth=35.0pt
* \marginparsep=10.0pt
* \columnsep=10.0pt
* \skip\footins=10.8pt plus 4.0pt minus 2.0pt
* \hoffset=0.0pt
* \voffset=0.0pt
* \mag=1000
* \@twocolumnfalse
* \@twosidefalse
* \@mparswitchfalse
* \@reversemarginfalse
* (1in=72.27pt=25.4mm, 1cm=28.453pt)

<oxlogo.png, id=164, 579.16376pt x 579.16376pt>
File: oxlogo.png Graphic file (type png)
<use oxlogo.png>
Package pdftex.def Info: oxlogo.png  used on input line 89. on input line 89.
Package pdftex.def Info: Requested size: 91.04881pt x 91.04202pt on input line 
89.
[1


{/var/lib/texmf/fonts/map/pdftex/updmap/pdftex.map} <./oxlogo.png>] [2]
\openout2 = `abstract.aux'.


(./abstract.tex
Overfull \hbox (6.79608pt too wide) in paragraph at lines 2--5
\OT1/cmr/m/n/12 nar-rowed down in-ter-est-ing re-search prob-lems in multi-obje
ctive Bayesian
 []

[3


]) (./ociamthesismain.toc
LaTeX Font Info:    Try loading font information for U+msa on input line 2.

(/usr/share/texlive/texmf-dist/tex/latex/amsfonts/umsa.fd
File: umsa.fd 2013/01/14 v3.01 AMS symbols A
)
LaTeX Font Info:    Try loading font information for U+msb on input line 2.

(/usr/share/texlive/texmf-dist/tex/latex/amsfonts/umsb.fd
File: umsb.fd 2013/01/14 v3.01 AMS symbols B
) [1



])
\tf@toc=\write4
\openout4 = `ociamthesismain.toc'.

 [2]
(./ociamthesismain.lof [3

])
\tf@lof=\write5
\openout5 = `ociamthesismain.lof'.

 [4] (./ociamthesismain.lot
Overfull \hbox (71.96475pt too wide) in paragraph at lines 9--9
 \OT1/cmr/m/n/12 objective-functions, and con-straint func-tions writ-ten as $\
OML/cmm/m/it/12 d[]; d[]; d[]$\OT1/cmr/m/n/12 . 
 []

)
\tf@lot=\write6
\openout6 = `ociamthesismain.lot'.

 [5

]
\openout2 = `chapter1.aux'.

 (./chapter1.tex
Chapter 1.
pdfTeX warning (ext4): destination with the same identifier (name{page.1}) has 
been already used, duplicate ignored
<to be read again> 
                   \relax 
l.15 \par
          [1



]pdfTeX warning (ext4): destination with the same identifier (name{page.2}) has
 been already used, duplicate ignored
<to be read again> 
                   \relax 
l.32 
      [2]
Missing character: There is no â in font cmr12!
Missing character: There is no € in font cmr12!
Missing character: There is no Œ in font cmr12!
)pdfTeX warning (ext4): destination with the same identifier (name{page.3}) has
 been already used, duplicate ignored
<to be read again> 
                   \relax 
l.98 \include{chapter1}
                        [3] [4]
\openout2 = `chapter2.aux'.

 (./chapter2.tex
Chapter 2.
Package hyperref Info: bookmark level for unknown algorithm defaults to 0 on in
put line 10.
[5



] [6]
Missing character: There is no â in font cmr12!
Missing character: There is no € in font cmr12!
Missing character: There is no Œ in font cmr12!

Overfull \hbox (12.35205pt too wide) in paragraph at lines 49--49
[]\OT1/cmr/bx/n/17.28 Multi-objective op-ti-mi-sa-tion and Bayesian op-
 []


Underfull \hbox (badness 10000) in paragraph at lines 64--64
\OT1/cmr/m/n/12 for Re-gres-sion
 []


Underfull \hbox (badness 1596) in paragraph at lines 64--64
\OT1/cmr/m/n/12 Task; Gaus-sian
 []


Underfull \hbox (badness 3209) in paragraph at lines 65--65
[]|\OT1/cmr/m/n/12 Generative sur-
 []


Underfull \hbox (badness 10000) in paragraph at lines 66--66
[]|\OT1/cmr/m/n/12 gradient-based
 []


Underfull \hbox (badness 10000) in paragraph at lines 68--68
[]|\OT1/cmr/m/n/12 Expected Hy-
 []


Underfull \hbox (badness 10000) in paragraph at lines 68--68
\OT1/cmr/m/n/12 per-vol-ume
 []


Overfull \hbox (15.85846pt too wide) in alignment at lines 52--83
 [] [] [] [] 
 []

[7] [8] [9] [10]
Overfull \hbox (0.10403pt too wide) in paragraph at lines 109--109
[]\OT1/cmr/bx/n/17.28 Evolutionary al-go-rithms and Multi-objective
 []


Underfull \hbox (badness 10000) in paragraph at lines 115--115
[]|\OT1/cmr/m/n/12 Surrogate-
 []


Underfull \hbox (badness 10000) in paragraph at lines 115--115
\OT1/cmr/m/n/12 assisted evo-lu-
 []


Overfull \hbox (15.85846pt too wide) in alignment at lines 111--121
 [] [] [] [] 
 []

[11] [12]
LaTeX Font Info:    Try loading font information for OMS+cmr on input line 132.

 (/usr/share/texlive/texmf-dist/tex/latex/base/omscmr.fd
File: omscmr.fd 2014/09/29 v2.5h Standard LaTeX font definitions
)
LaTeX Font Info:    Font shape `OMS/cmr/m/n' in size <12> not available
(Font)              Font shape `OMS/cmsy/m/n' tried instead on input line 132.

Overfull \hbox (12.90009pt too wide) in paragraph at lines 137--137
[]\OT1/cmr/bx/n/17.28 Multi-objective prob-lems with con-straints and
 []

) [13] [14]
\openout2 = `chapter3.aux'.

 (./chapter3.tex
Chapter 3.
[15



]
<Images/GP.pdf, id=535, pagebox=cropbox, 433.62pt x 289.08pt>
File: Images/GP.pdf Graphic file (type pdf)
<use Images/GP.pdf>
Package pdftex.def Info: Images/GP.pdf  used on input line 58. on input line 58
.
Package pdftex.def Info: Requested size: 433.61894pt x 289.07928pt on input lin
e 58.

Overfull \hbox (15.36526pt too wide) in paragraph at lines 58--59
 [][] 
 []


Overfull \hbox (24.16669pt too wide) in paragraph at lines 52--62
$\OML/cmm/m/it/12 k$ \OT1/cmr/m/n/12 in equa-tion []3.16[] and []3.17[], is a k
er-nel vec-tor such that $\OML/cmm/m/it/12 k \OT1/cmr/m/n/12 = [\OML/cmm/m/it/1
2 k\OT1/cmr/m/n/12 ([][]\OML/cmm/m/it/12 ; [][]\OT1/cmr/m/n/12 )\OML/cmm/m/it/1
2 ; :::; k\OT1/cmr/m/n/12 ([][]\OML/cmm/m/it/12 ; [][]\OT1/cmr/m/n/12 )][]$.
 []


LaTeX Warning: `h' float specifier changed to `ht'.

[16] [17 <./Images/GP.pdf>]
<Images/Linear.pdf, id=576, pagebox=cropbox, 382.42876pt x 250.9375pt>
File: Images/Linear.pdf Graphic file (type pdf)
<use Images/Linear.pdf>
Package pdftex.def Info: Images/Linear.pdf  used on input line 93. on input lin
e 93.
Package pdftex.def Info: Requested size: 188.21288pt x 123.50032pt on input lin
e 93.
<Images/Matern32.pdf, id=577, pagebox=cropbox, 373.395pt x 250.9375pt>
File: Images/Matern32.pdf Graphic file (type pdf)
<use Images/Matern32.pdf>
Package pdftex.def Info: Images/Matern32.pdf  used on input line 96. on input l
ine 96.
Package pdftex.def Info: Requested size: 188.21288pt x 126.48694pt on input lin
e 96.
<Images/MLP.pdf, id=578, pagebox=cropbox, 389.455pt x 250.9375pt>
File: Images/MLP.pdf Graphic file (type pdf)
<use Images/MLP.pdf>
Package pdftex.def Info: Images/MLP.pdf  used on input line 99. on input line 9
9.
Package pdftex.def Info: Requested size: 188.21288pt x 121.26802pt on input lin
e 99.
<Images/PeriodicMatern52.pdf, id=579, pagebox=cropbox, 382.42876pt x 250.9375pt
>
File: Images/PeriodicMatern52.pdf Graphic file (type pdf)
<use Images/PeriodicMatern52.pdf>
Package pdftex.def Info: Images/PeriodicMatern52.pdf  used on input line 102. o
n input line 102.
Package pdftex.def Info: Requested size: 188.21288pt x 123.50032pt on input lin
e 102.
<Images/RBF.pdf, id=580, pagebox=cropbox, 373.395pt x 250.9375pt>
File: Images/RBF.pdf Graphic file (type pdf)
<use Images/RBF.pdf>
Package pdftex.def Info: Images/RBF.pdf  used on input line 105. on input line 
105.
Package pdftex.def Info: Requested size: 188.21288pt x 126.48694pt on input lin
e 105.
<Images/Bias.pdf, id=581, pagebox=cropbox, 373.395pt x 250.9375pt>
File: Images/Bias.pdf Graphic file (type pdf)
<use Images/Bias.pdf>
Package pdftex.def Info: Images/Bias.pdf  used on input line 108. on input line
 108.
Package pdftex.def Info: Requested size: 188.21288pt x 126.48694pt on input lin
e 108.
 [18] [19 <./Images/Linear.pdf> <./Images/Matern32.pdf

pdfTeX warning: pdflatex (file ./Images/Matern32.pdf): PDF inclusion: multiple 
pdfs with page group included in a single page
> <./Images/MLP.pdf

pdfTeX warning: pdflatex (file ./Images/MLP.pdf): PDF inclusion: multiple pdfs 
with page group included in a single page
> <./Images/PeriodicMatern52.pdf

pdfTeX warning: pdflatex (file ./Images/PeriodicMatern52.pdf): PDF inclusion: m
ultiple pdfs with page group included in a single page
> <./Images/RBF.pdf

pdfTeX warning: pdflatex (file ./Images/RBF.pdf): PDF inclusion: multiple pdfs 
with page group included in a single page
> <./Images/Bias.pdf

pdfTeX warning: pdflatex (file ./Images/Bias.pdf): PDF inclusion: multiple pdfs
 with page group included in a single page
>]
Missing character: There is no â in font cmr12!
Missing character: There is no € in font cmr12!
Missing character: There is no Œ in font cmr12!
Missing character: There is no â in font cmr12!
Missing character: There is no € in font cmr12!
Missing character: There is no Œ in font cmr12!
 [20] [21]
<Images/pareto.pdf, id=749, pagebox=cropbox, 433.62pt x 289.08pt>
File: Images/pareto.pdf Graphic file (type pdf)
<use Images/pareto.pdf>
Package pdftex.def Info: Images/pareto.pdf  used on input line 177. on input li
ne 177.
Package pdftex.def Info: Requested size: 433.61894pt x 289.07928pt on input lin
e 177.

Overfull \hbox (15.36526pt too wide) in paragraph at lines 177--178
 [][] 
 []


LaTeX Warning: `h' float specifier changed to `ht'.

[22] [23 <./Images/pareto.pdf>]
<Images/EHVI.pdf, id=812, pagebox=cropbox, 326.21875pt x 249.93375pt>
File: Images/EHVI.pdf Graphic file (type pdf)
<use Images/EHVI.pdf>
Package pdftex.def Info: Images/EHVI.pdf  used on input line 231. on input line
 231.
Package pdftex.def Info: Requested size: 326.21794pt x 249.93314pt on input lin
e 231.


LaTeX Warning: `h' float specifier changed to `ht'.

[24]) [25 <./Images/EHVI.pdf>]
\openout2 = `chapter4.aux'.

 (./chapter4.tex
Chapter 4.
[26



] [27]
Missing character: There is no â in font cmr12!
Missing character: There is no € in font cmr12!
Missing character: There is no Œ in font cmr12!
 [28] [29] [30] [31] [32]
Overfull \hbox (45.05006pt too wide) in paragraph at lines 202--202
[]\OT1/cmr/bx/n/17.28 Multi-objective Bayesian op-ti-mi-sa-tion in Robotics 
 []

Missing character: There is no â in font cmr12!
Missing character: There is no € in font cmr12!
Missing character: There is no ™ in font cmr12!
<Images/poppy.jpg, id=924, 501.875pt x 669.50125pt>
File: Images/poppy.jpg Graphic file (type jpg)
<use Images/poppy.jpg>
Package pdftex.def Info: Images/poppy.jpg  used on input line 218. on input lin
e 218.
Package pdftex.def Info: Requested size: 188.21288pt x 251.08278pt on input lin
e 218.
<Images/vrep.png, id=925, 250.9375pt x 334.75063pt>
File: Images/vrep.png Graphic file (type png)
<use Images/vrep.png>
Package pdftex.def Info: Images/vrep.png  used on input line 221. on input line
 221.
Package pdftex.def Info: Requested size: 188.21288pt x 251.08788pt on input lin
e 221.
) [33] [34 <./Images/poppy.jpg> <./Images/vrep.png>]
\openout2 = `chapter5.aux'.

 (./chapter5.tex
Chapter 5.
<Images/Images/BNH-Example.png, id=955, 1204.5pt x 885.3075pt>
File: Images/Images/BNH-Example.png Graphic file (type png)
<use Images/Images/BNH-Example.png>
Package pdftex.def Info: Images/Images/BNH-Example.png  used on input line 15. 
on input line 15.
Package pdftex.def Info: Requested size: 361.35278pt x 265.5943pt on input line
 15.
[35



] [36 <./Images/Images/BNH-Example.png>] [37]

Package geometry Warning: `a4paper': not available in `\newgeometry'; skipped.

*geometry* verbose mode - [ newgeometry ] result:
* driver: pdftex
* paper: <default>
* layout: <same size as paper>
* layoutoffset:(h,v)=(0.0pt,0.0pt)
* modes: 
* h-part:(L,W,R)=(72.26999pt, 452.9679pt, 72.26999pt)
* v-part:(T,H,B)=(72.26999pt, 700.50687pt, 72.26999pt)
* \paperwidth=597.50787pt
* \paperheight=845.04684pt
* \textwidth=452.9679pt
* \textheight=700.50687pt
* \oddsidemargin=0.0pt
* \evensidemargin=0.0pt
* \topmargin=0.0pt
* \headheight=0.0pt
* \headsep=0.0pt
* \topskip=12.0pt
* \footskip=30.0pt
* \marginparwidth=35.0pt
* \marginparsep=10.0pt
* \columnsep=10.0pt
* \skip\footins=10.8pt plus 4.0pt minus 2.0pt
* \hoffset=0.0pt
* \voffset=0.0pt
* \mag=1000
* \@twocolumnfalse
* \@twosidefalse
* \@mparswitchfalse
* \@reversemarginfalse
* (1in=72.27pt=25.4mm, 1cm=28.453pt)


Overfull \hbox (6.73192pt too wide) in paragraph at lines 278--278
[]$|  
 []


Package caption Warning: The option `hypcap=true' will be ignored for this
(caption)                particular \caption on input line 278.
See the caption package documentation for explanation.


Overfull \hbox (10.81638pt too wide) in paragraph at lines 278--278
 [] 
 []

[38




]
<Images/Images/BNH.png, id=982, 1204.5pt x 885.3075pt>
File: Images/Images/BNH.png Graphic file (type png)
<use Images/Images/BNH.png>
Package pdftex.def Info: Images/Images/BNH.png  used on input line 302. on inpu
t line 302.
Package pdftex.def Info: Requested size: 209.12683pt x 153.70184pt on input lin
e 302.
<Images/Images/SRN.png, id=983, 1204.5pt x 864.98157pt>
File: Images/Images/SRN.png Graphic file (type png)
<use Images/Images/SRN.png>
Package pdftex.def Info: Images/Images/SRN.png  used on input line 303. on inpu
t line 303.
Package pdftex.def Info: Requested size: 209.12683pt x 150.17297pt on input lin
e 303.
<Images/Images/TNK.png, id=984, 1204.5pt x 890.5772pt>
File: Images/Images/TNK.png Graphic file (type png)
<use Images/Images/TNK.png>
Package pdftex.def Info: Images/Images/TNK.png  used on input line 304. on inpu
t line 304.
Package pdftex.def Info: Requested size: 209.12683pt x 154.61673pt on input lin
e 304.
<Images/Images/OSY.png, id=985, 1204.5pt x 883.04906pt>
File: Images/Images/OSY.png Graphic file (type png)
<use Images/Images/OSY.png>
Package pdftex.def Info: Images/Images/OSY.png  used on input line 305. on inpu
t line 305.
Package pdftex.def Info: Requested size: 209.12683pt x 153.30974pt on input lin
e 305.
<Images/Images/TwoBar.png, id=986, 1204.5pt x 846.16125pt>
File: Images/Images/TwoBar.png Graphic file (type png)
<use Images/Images/TwoBar.png>
Package pdftex.def Info: Images/Images/TwoBar.png  used on input line 306. on i
nput line 306.
Package pdftex.def Info: Requested size: 209.12683pt x 146.9055pt on input line
 306.
<Images/Images/CONSTR.png, id=987, 1204.5pt x 909.3975pt>
File: Images/Images/CONSTR.png Graphic file (type png)
<use Images/Images/CONSTR.png>
Package pdftex.def Info: Images/Images/CONSTR.png  used on input line 307. on i
nput line 307.
Package pdftex.def Info: Requested size: 209.12683pt x 157.8842pt on input line
 307.
<Images/Images/TNK_com_0.pdf, id=990, pagebox=cropbox, 433.62pt x 289.08pt>
File: Images/Images/TNK_com_0.pdf Graphic file (type pdf)
<use Images/Images/TNK_com_0.pdf>
Package pdftex.def Info: Images/Images/TNK_com_0.pdf  used on input line 316. o
n input line 316.
Package pdftex.def Info: Requested size: 209.12683pt x 139.41846pt on input lin
e 316.
<Images/Images/TNK_com_10.pdf, id=991, pagebox=cropbox, 418.56375pt x 262.9825p
t>
File: Images/Images/TNK_com_10.pdf Graphic file (type pdf)
<use Images/Images/TNK_com_10.pdf>
Package pdftex.def Info: Images/Images/TNK_com_10.pdf  used on input line 317. 
on input line 317.
Package pdftex.def Info: Requested size: 209.12683pt x 131.3906pt on input line
 317.
<Images/Images/TNK_com_100.pdf, id=992, pagebox=cropbox, 418.56375pt x 262.9825
pt>
File: Images/Images/TNK_com_100.pdf Graphic file (type pdf)
<use Images/Images/TNK_com_100.pdf>
Package pdftex.def Info: Images/Images/TNK_com_100.pdf  used on input line 318.
 on input line 318.
Package pdftex.def Info: Requested size: 209.12683pt x 131.3906pt on input line
 318.
<Images/Images/TNK_com_1000.pdf, id=993, pagebox=cropbox, 418.56375pt x 262.982
5pt>
File: Images/Images/TNK_com_1000.pdf Graphic file (type pdf)
<use Images/Images/TNK_com_1000.pdf>
Package pdftex.def Info: Images/Images/TNK_com_1000.pdf  used on input line 319
. on input line 319.
Package pdftex.def Info: Requested size: 209.12683pt x 131.3906pt on input line
 319.
 [39


] [40 <./Images/Images/BNH.png> <./Images/Images/SRN.png> <./Images/Images/TNK.
png> <./Images/Images/OSY.png> <./Images/Images/TwoBar.png> <./Images/Images/CO
NSTR.png>] [41 <./Images/Images/TNK_com_0.pdf> <./Images/Images/TNK_com_10.pdf

pdfTeX warning: pdflatex (file ./Images/Images/TNK_com_10.pdf): PDF inclusion: 
multiple pdfs with page group included in a single page
> <./Images/Images/TNK_com_100.pdf

pdfTeX warning: pdflatex (file ./Images/Images/TNK_com_100.pdf): PDF inclusion:
 multiple pdfs with page group included in a single page
> <./Images/Images/TNK_com_1000.pdf

pdfTeX warning: pdflatex (file ./Images/Images/TNK_com_1000.pdf): PDF inclusion
: multiple pdfs with page group included in a single page
>]
<Images/Images/Alloy.pdf, id=1219, pagebox=cropbox, 433.62pt x 289.08pt>
File: Images/Images/Alloy.pdf Graphic file (type pdf)
<use Images/Images/Alloy.pdf>
Package pdftex.def Info: Images/Images/Alloy.pdf  used on input line 355. on in
put line 355.
Package pdftex.def Info: Requested size: 418.25368pt x 278.85017pt on input lin
e 355.
<Images/plotF1.pdf, id=1222, pagebox=cropbox, 433.62pt x 289.08pt>
File: Images/plotF1.pdf Graphic file (type pdf)
<use Images/plotF1.pdf>
Package pdftex.def Info: Images/plotF1.pdf  used on input line 375. on input li
ne 375.
Package pdftex.def Info: Requested size: 271.86234pt x 181.24797pt on input lin
e 375.
<Images/plotF2.pdf, id=1223, pagebox=cropbox, 433.62pt x 289.08pt>
File: Images/plotF2.pdf Graphic file (type pdf)
<use Images/plotF2.pdf>
Package pdftex.def Info: Images/plotF2.pdf  used on input line 376. on input li
ne 376.
Package pdftex.def Info: Requested size: 271.86234pt x 181.24797pt on input lin
e 376.
<Images/plotF12.pdf, id=1224, pagebox=cropbox, 433.62pt x 289.08pt>
File: Images/plotF12.pdf Graphic file (type pdf)
<use Images/plotF12.pdf>
Package pdftex.def Info: Images/plotF12.pdf  used on input line 377. on input l
ine 377.
Package pdftex.def Info: Requested size: 271.86234pt x 181.24797pt on input lin
e 377.


LaTeX Warning: Float too large for page by 111.7137pt on input line 383.

) [42

 <./Images/Images/Alloy.pdf>] [43 <./Images/plotF1.pdf> <./Images/plotF2.pdf

pdfTeX warning: pdflatex (file ./Images/plotF2.pdf): PDF inclusion: multiple pd
fs with page group included in a single page
> <./Images/plotF12.pdf

pdfTeX warning: pdflatex (file ./Images/plotF12.pdf): PDF inclusion: multiple p
dfs with page group included in a single page
>]
\openout2 = `chapter6.aux'.

 (./chapter6.tex
Chapter 6.
Missing character: There is no â in font cmr12!
Missing character: There is no € in font cmr12!
Missing character: There is no Œ in font cmr12!
Missing character: There is no â in font cmr12!
Missing character: There is no € in font cmr12!
Missing character: There is no Œ in font cmr12!
[44



]
Overfull \hbox (18.51212pt too wide) in paragraph at lines 26--26
[]\OT1/cmr/bx/n/17.28 Working with com-plex pa-ram-e-ters in Robotics,
 []

<Images/poppyg.JPG, id=1324, 1003.75pt x 752.8125pt>
File: Images/poppyg.JPG Graphic file (type jpg)
<use Images/poppyg.JPG>
Package pdftex.def Info: Images/poppyg.JPG  used on input line 30. on input lin
e 30.
Package pdftex.def Info: Requested size: 351.31776pt x 263.48831pt on input lin
e 30.
[45]
Overfull \hbox (12.42911pt too wide) in paragraph at lines 38--39
[]\OT1/cmr/m/it/12 Majid Ab-dol-shah , Al-is-tair Shilton, Santu Rana, Sunil Gu
pta, Svetha Venkatesh\OT1/cmr/m/n/12 ,
 []

[46 <./Images/poppyg.JPG>]

Package geometry Warning: `a4paper': not available in `\newgeometry'; skipped.

*geometry* verbose mode - [ newgeometry ] result:
* driver: pdftex
* paper: <default>
* layout: <same size as paper>
* layoutoffset:(h,v)=(0.0pt,0.0pt)
* modes: 
* h-part:(L,W,R)=(7.22743pt, 557.75917pt, 32.52127pt)
* v-part:(T,H,B)=(7.22743pt, 830.59198pt, 7.22743pt)
* \paperwidth=597.50787pt
* \paperheight=845.04684pt
* \textwidth=557.75917pt
* \textheight=830.59198pt
* \oddsidemargin=-65.04256pt
* \evensidemargin=-65.04256pt
* \topmargin=-65.04256pt
* \headheight=0.0pt
* \headsep=0.0pt
* \topskip=12.0pt
* \footskip=30.0pt
* \marginparwidth=35.0pt
* \marginparsep=10.0pt
* \columnsep=10.0pt
* \skip\footins=10.8pt plus 4.0pt minus 2.0pt
* \hoffset=0.0pt
* \voffset=0.0pt
* \mag=1000
* \@twocolumnfalse
* \@twosidefalse
* \@mparswitchfalse
* \@reversemarginfalse
* (1in=72.27pt=25.4mm, 1cm=28.453pt)

[47



])
\openout2 = `chapter7.aux'.

 (./chapter7.tex
Chapter 7.
Missing character: There is no â in font cmr12!
Missing character: There is no € in font cmr12!
Missing character: There is no Œ in font cmr12!
Missing character: There is no â in font cmr12!
Missing character: There is no € in font cmr12!
Missing character: There is no Œ in font cmr12!
<Images/research.png, id=1342, 631.35875pt x 204.765pt>
File: Images/research.png Graphic file (type png)
<use Images/research.png>
Package pdftex.def Info: Images/research.png  used on input line 9. on input li
ne 9.
Package pdftex.def Info: Requested size: 315.6786pt x 102.38223pt on input line
 9.
[48




 <./Images/research.png (PNG copy)>]
<Images/human.png, id=1347, 776.9025pt x 319.1925pt>
File: Images/human.png Graphic file (type png)
<use Images/human.png>
Package pdftex.def Info: Images/human.png  used on input line 17. on input line
 17.
Package pdftex.def Info: Requested size: 388.45029pt x 159.59586pt on input lin
e 17.
) [49 <./Images/human.png (PNG copy)>]
(./ociamthesismain.bbl [50


] [51] [52] [53] [54]
Underfull \hbox (badness 1769) in paragraph at lines 326--331
[]\OT1/cmr/m/n/12 Jos^^Se Miguel Hern^^Sandez-Lobato, Michael A Gel-bart, Ryan 
P Adams,
 []

[55])
Package atveryend Info: Empty hook `BeforeClearDocument' on input line 120.
 [56]
Package atveryend Info: Empty hook `AfterLastShipout' on input line 120.
 (./ociamthesismain.aux (./abstract.aux) (./chapter1.aux)
(./chapter2.aux) (./chapter3.aux) (./chapter4.aux) (./chapter5.aux)
(./chapter6.aux) (./chapter7.aux))
Package atveryend Info: Executing hook `AtVeryEndDocument' on input line 120.
Package atveryend Info: Executing hook `AtEndAfterFileList' on input line 120.
Package rerunfilecheck Info: File `ociamthesismain.out' has not changed.
(rerunfilecheck)             Checksum: 00E96221E99C86E77C2889677FC58382;3013.


LaTeX Warning: There were multiply-defined labels.

Package atveryend Info: Empty hook `AtVeryVeryEnd' on input line 120.
 ) 
Here is how much of TeX's memory you used:
 10408 strings out of 492990
 155167 string characters out of 6135006
 315312 words of memory out of 5000000
 13465 multiletter control sequences out of 15000+600000
 15272 words of font info for 58 fonts, out of 8000000 for 9000
 1141 hyphenation exceptions out of 8191
 61i,20n,96p,1297b,530s stack positions out of 5000i,500n,10000p,200000b,80000s
</usr/share/texlive/texmf-dist/fonts/type1/public/amsfonts/cm/cmbx12.pfb></us
r/share/texlive/texmf-dist/fonts/type1/public/amsfonts/cm/cmbx6.pfb></usr/share
/texlive/texmf-dist/fonts/type1/public/amsfonts/cm/cmbx8.pfb></usr/share/texliv
e/texmf-dist/fonts/type1/public/amsfonts/cm/cmcsc10.pfb></usr/share/texlive/tex
mf-dist/fonts/type1/public/amsfonts/cm/cmex10.pfb></usr/share/texlive/texmf-dis
t/fonts/type1/public/amsfonts/cm/cmmi10.pfb></usr/share/texlive/texmf-dist/font
s/type1/public/amsfonts/cm/cmmi12.pfb></usr/share/texlive/texmf-dist/fonts/type
1/public/amsfonts/cm/cmmi6.pfb></usr/share/texlive/texmf-dist/fonts/type1/publi
c/amsfonts/cm/cmmi8.pfb></usr/share/texlive/texmf-dist/fonts/type1/public/amsfo
nts/cm/cmr10.pfb></usr/share/texlive/texmf-dist/fonts/type1/public/amsfonts/cm/
cmr12.pfb></usr/share/texlive/texmf-dist/fonts/type1/public/amsfonts/cm/cmr17.p
fb></usr/share/texlive/texmf-dist/fonts/type1/public/amsfonts/cm/cmr6.pfb></usr
/share/texlive/texmf-dist/fonts/type1/public/amsfonts/cm/cmr7.pfb></usr/share/t
exlive/texmf-dist/fonts/type1/public/amsfonts/cm/cmr8.pfb></usr/share/texlive/t
exmf-dist/fonts/type1/public/amsfonts/cm/cmsy10.pfb></usr/share/texlive/texmf-d
ist/fonts/type1/public/amsfonts/cm/cmsy6.pfb></usr/share/texlive/texmf-dist/fon
ts/type1/public/amsfonts/cm/cmsy8.pfb></usr/share/texlive/texmf-dist/fonts/type
1/public/amsfonts/cm/cmti12.pfb></usr/share/texlive/texmf-dist/fonts/type1/publ
ic/amsfonts/symbols/msam10.pfb></usr/share/texlive/texmf-dist/fonts/type1/publi
c/amsfonts/symbols/msbm10.pfb>
Output written on ociamthesismain.pdf (64 pages, 5815758 bytes).
PDF statistics:
 1505 PDF objects out of 1728 (max. 8388607)
 1022 compressed objects within 11 object streams
 239 named destinations out of 1000 (max. 500000)
 471 words of extra memory for PDF output out of 10000 (max. 10000000)

